[debug] [2025-07-23T15:21:43.576Z] ----------------------------------------------------------------------
[debug] [2025-07-23T15:21:43.578Z] Command:       /opt/homebrew/Cellar/node/24.3.0/bin/node /Volumes/X9Pro/Developer/JsonOrdering_a figma token tool/json-ordering-tool/node_modules/.bin/firebase deploy --project json-ordering-tool --only hosting
[debug] [2025-07-23T15:21:43.578Z] CLI Version:   14.11.1
[debug] [2025-07-23T15:21:43.578Z] Platform:      darwin
[debug] [2025-07-23T15:21:43.578Z] Node Version:  v24.3.0
[debug] [2025-07-23T15:21:43.578Z] Time:          Wed Jul 23 2025 16:21:43 GMT+0100 (British Summer Time)
[debug] [2025-07-23T15:21:43.578Z] ----------------------------------------------------------------------
[debug] 
[debug] [2025-07-23T15:21:43.691Z] > command requires scopes: ["email","openid","https://www.googleapis.com/auth/cloudplatformprojects.readonly","https://www.googleapis.com/auth/firebase","https://www.googleapis.com/auth/cloud-platform"]
[debug] [2025-07-23T15:21:43.691Z] > authorizing via signed-in user (edmondmiu@gmail.com)
[debug] [2025-07-23T15:21:43.691Z] [iam] checking project json-ordering-tool for permissions ["firebase.projects.get","firebasehosting.sites.update"]
[debug] [2025-07-23T15:21:43.692Z] Checked if tokens are valid: true, expires at: 1753287374189
[debug] [2025-07-23T15:21:43.692Z] Checked if tokens are valid: true, expires at: 1753287374189
[debug] [2025-07-23T15:21:43.692Z] >>> [apiv2][query] POST https://cloudresourcemanager.googleapis.com/v1/projects/json-ordering-tool:testIamPermissions [none]
[debug] [2025-07-23T15:21:43.692Z] >>> [apiv2][(partial)header] POST https://cloudresourcemanager.googleapis.com/v1/projects/json-ordering-tool:testIamPermissions x-goog-quota-user=projects/json-ordering-tool
[debug] [2025-07-23T15:21:43.692Z] >>> [apiv2][body] POST https://cloudresourcemanager.googleapis.com/v1/projects/json-ordering-tool:testIamPermissions {"permissions":["firebase.projects.get","firebasehosting.sites.update"]}
[debug] [2025-07-23T15:21:44.551Z] <<< [apiv2][status] POST https://cloudresourcemanager.googleapis.com/v1/projects/json-ordering-tool:testIamPermissions 200
[debug] [2025-07-23T15:21:44.551Z] <<< [apiv2][body] POST https://cloudresourcemanager.googleapis.com/v1/projects/json-ordering-tool:testIamPermissions {}
[debug] [2025-07-23T15:21:44.551Z] [iam] error while checking permissions, command may fail: Authorization failed. This account is missing the following required permissions on project json-ordering-tool:

  firebase.projects.get
  firebasehosting.sites.update
[debug] [2025-07-23T15:21:44.552Z] Checked if tokens are valid: true, expires at: 1753287374189
[debug] [2025-07-23T15:21:44.552Z] Checked if tokens are valid: true, expires at: 1753287374189
[debug] [2025-07-23T15:21:44.553Z] >>> [apiv2][query] GET https://firebase.googleapis.com/v1beta1/projects/json-ordering-tool [none]
[debug] [2025-07-23T15:21:45.125Z] <<< [apiv2][status] GET https://firebase.googleapis.com/v1beta1/projects/json-ordering-tool 403
[debug] [2025-07-23T15:21:45.125Z] <<< [apiv2][body] GET https://firebase.googleapis.com/v1beta1/projects/json-ordering-tool {"error":{"code":403,"message":"The caller does not have permission","status":"PERMISSION_DENIED"}}
[debug] [2025-07-23T15:21:45.126Z] Request to https://firebase.googleapis.com/v1beta1/projects/json-ordering-tool had HTTP Error: 403, The caller does not have permission
[debug] [2025-07-23T15:21:45.127Z] FirebaseError: Request to https://firebase.googleapis.com/v1beta1/projects/json-ordering-tool had HTTP Error: 403, The caller does not have permission
    at responseToError (/Volumes/X9Pro/Developer/JsonOrdering_a figma token tool/json-ordering-tool/node_modules/firebase-tools/lib/responseToError.js:52:12)
    at RetryOperation._fn (/Volumes/X9Pro/Developer/JsonOrdering_a figma token tool/json-ordering-tool/node_modules/firebase-tools/lib/apiv2.js:312:77)
    at process.processTicksAndRejections (node:internal/process/task_queues:105:5)
[error] 
[error] Error: Failed to get Firebase project json-ordering-tool. Please make sure the project exists and your account has permission to access it.
